#
# There is insufficient memory for the Java Runtime Environment to continue.
# Native memory allocation (mmap) failed to map 167772160 bytes. Error detail: G1 virtual space
# Possible reasons:
#   The system is out of physical RAM or swap space
#   This process is running with CompressedOops enabled, and the Java Heap may be blocking the growth of the native heap
# Possible solutions:
#   Reduce memory load on the system
#   Increase physical memory or swap space
#   Check if swap backing store is full
#   Decrease Java heap size (-Xmx/-Xms)
#   Decrease number of Java threads
#   Decrease Java thread stack sizes (-Xss)
#   Set larger code cache with -XX:ReservedCodeCacheSize=
#   JVM is running with Zero Based Compressed Oops mode in which the Java heap is
#     placed in the first 32GB address space. The Java Heap base address is the
#     maximum limit for the native heap growth. Please use -XX:HeapBaseMinAddress
#     to set the Java Heap base and to place the Java Heap above 32GB virtual address.
# This output file may be truncated or incomplete.
#
#  Out of Memory Error (os_windows.cpp:3828), pid=6668, tid=2028
#
# JRE version:  (21.0.5) (build )
# Java VM: OpenJDK 64-Bit Server VM (21.0.5+-12932927-b750.29, mixed mode, sharing, tiered, compressed oops, compressed class ptrs, g1 gc, windows-amd64)
# No core dump will be written. Minidumps are not enabled by default on client versions of Windows
#

---------------  S U M M A R Y ------------

Command Line: org.jetbrains.kotlin.cli.jvm.K2JVMCompiler @D:\Resep_Makanan\app\build\20250504_15671051970806225359.compiler.options

Host: AMD Ryzen 3 3250U with Radeon Graphics         , 4 cores, 9G,  Windows 11 , 64 bit Build 26100 (10.0.26100.1882)
Time: Sun May  4 21:55:06 2025 SE Asia Standard Time elapsed time: 0.037029 seconds (0d 0h 0m 0s)

---------------  T H R E A D  ---------------

Current thread (0x0000025cf91692b0):  JavaThread "Unknown thread" [_thread_in_vm, id=2028, stack(0x000000dcd5900000,0x000000dcd5a00000) (1024K)]

Stack: [0x000000dcd5900000,0x000000dcd5a00000]
Native frames: (J=compiled Java code, j=interpreted, Vv=VM code, C=native code)
V  [jvm.dll+0x6cfb29]
V  [jvm.dll+0x85ded3]
V  [jvm.dll+0x86042e]
V  [jvm.dll+0x860b13]
V  [jvm.dll+0x27e6b6]
V  [jvm.dll+0x6cc385]
V  [jvm.dll+0x6c078a]
V  [jvm.dll+0x35525b]
V  [jvm.dll+0x35ceb6]
V  [jvm.dll+0x3aedd6]
V  [jvm.dll+0x3af0a8]
V  [jvm.dll+0x32792c]
V  [jvm.dll+0x32861b]
V  [jvm.dll+0x825919]
V  [jvm.dll+0x3bbfa8]
V  [jvm.dll+0x80ec88]
V  [jvm.dll+0x45015e]
V  [jvm.dll+0x4518c1]
C  [jli.dll+0x52ab]
C  [ucrtbase.dll+0x14ea0]
C  [KERNEL32.DLL+0x2dbe7]
C  [ntdll.dll+0x85a4c]


---------------  P R O C E S S  ---------------

Threads class SMR info:
_java_thread_list=0x00007ff9d37c0808, length=0, elements={
}

Java Threads: ( => current thread )
Total: 0

Other Threads:
  0x0000025cf91af8c0 WorkerThread "GC Thread#0"                     [id=11540, stack(0x000000dcd5a00000,0x000000dcd5b00000) (1024K)]
  0x0000025cf91ba9b0 ConcurrentGCThread "G1 Main Marker"            [id=10336, stack(0x000000dcd5b00000,0x000000dcd5c00000) (1024K)]
  0x0000025cf91bced0 WorkerThread "G1 Conc#0"                       [id=8780, stack(0x000000dcd5c00000,0x000000dcd5d00000) (1024K)]

[error occurred during error reporting (printing all threads), id 0xc0000005, EXCEPTION_ACCESS_VIOLATION (0xc0000005) at pc=0x00007ff9d2fba967]
VM state: not at safepoint (not fully initialized)

VM Mutex/Monitor currently owned by a thread:  ([mutex/lock_event])
[0x00007ff9d382d460] Heap_lock - owner thread: 0x0000025cf91692b0

Heap address: 0x0000000761c00000, size: 2532 MB, Compressed Oops mode: Zero based, Oop shift amount: 3

CDS archive(s) mapped at: [0x0000000000000000-0x0000000000000000-0x0000000000000000), size 0, SharedBaseAddress: 0x0000000800000000, ArchiveRelocationMode: 1.
Narrow klass base: 0x0000000000000000, Narrow klass shift: 0, Narrow klass range: 0x0

GC Precious Log:
 CardTable entry size: 512
 Card Set container configuration: InlinePtr #cards 4 size 8 Array Of Cards #cards 16 size 48 Howl #buckets 8 coarsen threshold 3686 Howl Bitmap #cards 512 size 80 coarsen threshold 460 Card regions per heap region 1 cards per card region 4096

Heap:
 garbage-first heap   total 0K, used 0K [0x0000000761c00000, 0x0000000800000000)
  region size 2048K, 0 young (0K), 0 survivors (0K)
 Metaspace       used 0K, committed 0K, reserved 0K
  class space    used 0K, committed 0K, reserved 0K

Heap Regions: E=young(eden), S=young(survivor), O=old, HS=humongous(starts), HC=humongous(continues), CS=collection set, F=free, TAMS=top-at-mark-start, PB=parsable bottom

Card table byte_map: [0x0000025cfc7c0000,0x0000025cfccc0000] _byte_map_base: 0x0000025cf8cb2000

Marking Bits: (CMBitMap*) 0x0000025cf91affc0
 Bits: [0x0000025cfccc0000, 0x0000025cff450000)

GC Heap History (0 events):
No events

Dll operation events (1 events):
Event: 0.021 Loaded shared library C:\Program Files\Android\Android Studio\jbr\bin\java.dll

Deoptimization events (0 events):
No events

Classes loaded (0 events):
No events

Classes unloaded (0 events):
No events

Classes redefined (0 events):
No events

Internal exceptions (0 events):
No events

ZGC Phase Switch (0 events):
No events

VM Operations (0 events):
No events

Memory protections (0 events):
No events

Nmethod flushes (0 events):
No events

Events (0 events):
No events


Dynamic libraries:
0x00007ff7601b0000 - 0x00007ff7601ba000 	C:\Program Files\Android\Android Studio\jbr\bin\java.exe
0x00007ffa3d4c0000 - 0x00007ffa3d723000 	C:\WINDOWS\SYSTEM32\ntdll.dll
0x00007ffa3cc40000 - 0x00007ffa3cd07000 	C:\WINDOWS\System32\KERNEL32.DLL
0x00007ffa3a8c0000 - 0x00007ffa3ac70000 	C:\WINDOWS\System32\KERNELBASE.dll
0x00007ffa3b1f0000 - 0x00007ffa3b33b000 	C:\WINDOWS\System32\ucrtbase.dll
0x00007ffa36da0000 - 0x00007ffa36dbb000 	C:\Program Files\Android\Android Studio\jbr\bin\VCRUNTIME140.dll
0x00007ffa2b040000 - 0x00007ffa2b058000 	C:\Program Files\Android\Android Studio\jbr\bin\jli.dll
0x00007ffa3d2b0000 - 0x00007ffa3d473000 	C:\WINDOWS\System32\USER32.dll
0x00007ffa3adf0000 - 0x00007ffa3ae17000 	C:\WINDOWS\System32\win32u.dll
0x00007ffa3d250000 - 0x00007ffa3d27a000 	C:\WINDOWS\System32\GDI32.dll
0x00007ffa3b040000 - 0x00007ffa3b163000 	C:\WINDOWS\System32\gdi32full.dll
0x00007ffa3ad40000 - 0x00007ffa3ade3000 	C:\WINDOWS\System32\msvcp_win.dll
0x00007ffa2bfa0000 - 0x00007ffa2c230000 	C:\WINDOWS\WinSxS\amd64_microsoft.windows.common-controls_6595b64144ccf1df_6.0.26100.1882_none_3e0e949ae32eca40\COMCTL32.dll
0x00007ffa3cd20000 - 0x00007ffa3cdc9000 	C:\WINDOWS\System32\msvcrt.dll
0x00007ffa3ce50000 - 0x00007ffa3ce7f000 	C:\WINDOWS\System32\IMM32.DLL
0x00007ffa365a0000 - 0x00007ffa365ac000 	C:\Program Files\Android\Android Studio\jbr\bin\vcruntime140_1.dll
0x00007ff9ff900000 - 0x00007ff9ff98d000 	C:\Program Files\Android\Android Studio\jbr\bin\msvcp140.dll
0x00007ff9d2c80000 - 0x00007ff9d390a000 	C:\Program Files\Android\Android Studio\jbr\bin\server\jvm.dll
0x00007ffa3b340000 - 0x00007ffa3b3f4000 	C:\WINDOWS\System32\ADVAPI32.dll
0x00007ffa3b400000 - 0x00007ffa3b4a6000 	C:\WINDOWS\System32\sechost.dll
0x00007ffa3cf40000 - 0x00007ffa3d056000 	C:\WINDOWS\System32\RPCRT4.dll
0x00007ffa3cdd0000 - 0x00007ffa3ce44000 	C:\WINDOWS\System32\WS2_32.dll
0x00007ffa3a760000 - 0x00007ffa3a7ae000 	C:\WINDOWS\SYSTEM32\POWRPROF.dll
0x00007ffa318e0000 - 0x00007ffa31916000 	C:\WINDOWS\SYSTEM32\WINMM.dll
0x00007ffa366d0000 - 0x00007ffa366db000 	C:\WINDOWS\SYSTEM32\VERSION.dll
0x00007ffa3a740000 - 0x00007ffa3a754000 	C:\WINDOWS\SYSTEM32\UMPDC.dll
0x00007ffa39720000 - 0x00007ffa3973a000 	C:\WINDOWS\SYSTEM32\kernel.appcore.dll
0x00007ffa364e0000 - 0x00007ffa364ea000 	C:\Program Files\Android\Android Studio\jbr\bin\jimage.dll
0x00007ffa33190000 - 0x00007ffa333d1000 	C:\WINDOWS\SYSTEM32\DBGHELP.DLL
0x00007ffa3c870000 - 0x00007ffa3cbec000 	C:\WINDOWS\System32\combase.dll
0x00007ffa3d060000 - 0x00007ffa3d136000 	C:\WINDOWS\System32\OLEAUT32.dll
0x00007ffa12bd0000 - 0x00007ffa12c09000 	C:\WINDOWS\SYSTEM32\dbgcore.DLL
0x00007ffa3afa0000 - 0x00007ffa3b039000 	C:\WINDOWS\System32\bcryptPrimitives.dll
0x00007ffa36490000 - 0x00007ffa364b0000 	C:\Program Files\Android\Android Studio\jbr\bin\java.dll

dbghelp: loaded successfully - version: 4.0.5 - missing functions: none
symbol engine: initialized successfully - sym options: 0x614 - pdb path: .;C:\Program Files\Android\Android Studio\jbr\bin;C:\WINDOWS\SYSTEM32;C:\WINDOWS\WinSxS\amd64_microsoft.windows.common-controls_6595b64144ccf1df_6.0.26100.1882_none_3e0e949ae32eca40;C:\Program Files\Android\Android Studio\jbr\bin\server

VM Arguments:
java_command: org.jetbrains.kotlin.cli.jvm.K2JVMCompiler @D:\Resep_Makanan\app\build\20250504_15671051970806225359.compiler.options
java_class_path (initial): C:\Users\Rofi Mubarrok\.gradle\caches\modules-2\files-2.1\org.jetbrains.kotlin\kotlin-compiler-embeddable\1.9.22\9cd4dc7773cf2a99ecd961a88fbbc9a2da3fb5e1\kotlin-compiler-embeddable-1.9.22.jar;C:\Users\Rofi Mubarrok\.gradle\caches\modules-2\files-2.1\org.jetbrains.kotlin\kotlin-stdlib\1.9.22\d6c44cd08d8f3f9bece8101216dbe6553365c6e3\kotlin-stdlib-1.9.22.jar;C:\Users\Rofi Mubarrok\.gradle\caches\modules-2\files-2.1\org.jetbrains.kotlin\kotlin-script-runtime\1.9.22\f8139a46fc677ec9badc49ae954392f4f5e7e7c7\kotlin-script-runtime-1.9.22.jar;C:\Users\Rofi Mubarrok\.gradle\caches\modules-2\files-2.1\org.jetbrains.kotlin\kotlin-reflect\1.6.10\1cbe9c92c12a94eea200d23c2bbaedaf3daf5132\kotlin-reflect-1.6.10.jar;C:\Users\Rofi Mubarrok\.gradle\caches\modules-2\files-2.1\org.jetbrains.kotlin\kotlin-daemon-embeddable\1.9.22\20e2c5df715f3240c765cfc222530e2796542021\kotlin-daemon-embeddable-1.9.22.jar;C:\Users\Rofi Mubarrok\.gradle\caches\modules-2\files-2.1\org.jetbrains.intellij.deps\trove4j\1.0.20200330\3afb14d5f9ceb459d724e907a21145e8ff394f02\trove4j-1.0.20200330.jar;C:\Users\Rofi Mubarrok\.gradle\caches\modules-2\files-2.1\org.jetbrains\annotations\13.0\919f0dfe192fb4e063e7dacadee7f8bb9a2672a9\annotations-13.0.jar
Launcher Type: SUN_STANDARD

[Global flags]
     intx CICompilerCount                          = 3                                         {product} {ergonomic}
     uint ConcGCThreads                            = 1                                         {product} {ergonomic}
     uint G1ConcRefinementThreads                  = 4                                         {product} {ergonomic}
   size_t G1HeapRegionSize                         = 2097152                                   {product} {ergonomic}
    uintx GCDrainStackTargetSize                   = 64                                        {product} {ergonomic}
   size_t InitialHeapSize                          = 167772160                                 {product} {ergonomic}
   size_t MarkStackSize                            = 4194304                                   {product} {ergonomic}
   size_t MaxHeapSize                              = 2654994432                                {product} {ergonomic}
   size_t MinHeapDeltaBytes                        = 2097152                                   {product} {ergonomic}
   size_t MinHeapSize                              = 8388608                                   {product} {ergonomic}
    uintx NonNMethodCodeHeapSize                   = 5832780                                {pd product} {ergonomic}
    uintx NonProfiledCodeHeapSize                  = 122912730                              {pd product} {ergonomic}
    uintx ProfiledCodeHeapSize                     = 122912730                              {pd product} {ergonomic}
    uintx ReservedCodeCacheSize                    = 251658240                              {pd product} {ergonomic}
     bool SegmentedCodeCache                       = true                                      {product} {ergonomic}
   size_t SoftMaxHeapSize                          = 2654994432                             {manageable} {ergonomic}
     bool UseCompressedOops                        = true                           {product lp64_product} {ergonomic}
     bool UseG1GC                                  = true                                      {product} {ergonomic}
     bool UseLargePagesIndividualAllocation        = false                                  {pd product} {ergonomic}

Logging:
Log output configuration:
 #0: stdout all=warning uptime,level,tags foldmultilines=false
 #1: stderr all=off uptime,level,tags foldmultilines=false

Environment Variables:
PATH=C:\WINDOWS\system32;C:\WINDOWS;C:\WINDOWS\System32\Wbem;C:\WINDOWS\System32\WindowsPowerShell\v1.0\;C:\WINDOWS\System32\OpenSSH\;C:\Program Files\Git\cmd;C:\Users\Rofi Mubarrok\AppData\Local\Packages\PythonSoftwareFoundation.Python.3.13_qbz5n2kfra8p0\LocalCache\local-packages\Python313\Scripts;C:\Program Files\nodejs\;C:\ProgramData\chocolatey\bin;C:\Users\Rofi Mubarrok\AppData\Local\Programs\Python\Launcher\;C:\Users\Rofi Mubarrok\AppData\Local\Microsoft\WindowsApps;C:\Users\Rofi Mubarrok\AppData\Local\Programs\Microsoft VS Code\bin;C:\Users\Rofi Mubarrok\AppData\Roaming\npm
USERNAME=Rofi Mubarrok
OS=Windows_NT
PROCESSOR_IDENTIFIER=AMD64 Family 23 Model 24 Stepping 1, AuthenticAMD
TMP=C:\Users\ROFIMU~1\AppData\Local\Temp
TEMP=C:\Users\ROFIMU~1\AppData\Local\Temp




Periodic native trim disabled

JNI global refs:
JNI global refs: 0, weak refs: 0

JNI global refs memory usage: 0, weak refs: 0

Process memory usage:
Resident Set Size: 12508K (0% of 10369292K total physical memory with 3137896K free physical memory)

OOME stack traces (most recent first):
Classloader memory used:

---------------  S Y S T E M  ---------------

OS:
 Windows 11 , 64 bit Build 26100 (10.0.26100.1882)
OS uptime: 5 days 10:11 hours

CPU: total 4 (initial active 4) (4 cores per cpu, 2 threads per core) family 23 model 24 stepping 1 microcode 0x8108109, cx8, cmov, fxsr, ht, mmx, 3dnowpref, sse, sse2, sse3, ssse3, sse4a, sse4.1, sse4.2, popcnt, lzcnt, tsc, tscinvbit, avx, avx2, aes, clmul, bmi1, bmi2, adx, sha, fma, vzeroupper, clflush, clflushopt, rdtscp, f16c
Processor Information for all 4 processors :
  Max Mhz: 2600, Current Mhz: 2600, Mhz Limit: 2600

Memory: 4k page, system-wide physical 10126M (3064M free)
TotalPageFile size 10126M (AvailPageFile size 18M)
current process WorkingSet (physical memory assigned to process): 12M, peak: 12M
current process commit charge ("private bytes"): 51M, peak: 211M

vm_info: OpenJDK 64-Bit Server VM (21.0.5+-12932927-b750.29) for windows-amd64 JRE (21.0.5+-12932927-b750.29), built on 2025-01-17T02:01:10Z by "builder" with MS VC++ 16.10 / 16.11 (VS2019)

END.
